{"/home/erik/Документы/12devs/calculator/src/model/model.js": {"path":"/home/erik/Документы/12devs/calculator/src/model/model.js","statementMap":{"0":{"start":{"line":5,"column":8},"end":{"line":10,"column":10}},"1":{"start":{"line":14,"column":8},"end":{"line":20,"column":9}},"2":{"start":{"line":15,"column":12},"end":{"line":15,"column":32}},"3":{"start":{"line":16,"column":15},"end":{"line":20,"column":9}},"4":{"start":{"line":17,"column":12},"end":{"line":17,"column":33}},"5":{"start":{"line":19,"column":12},"end":{"line":19,"column":35}},"6":{"start":{"line":22,"column":8},"end":{"line":22,"column":37}},"7":{"start":{"line":26,"column":8},"end":{"line":45,"column":9}},"8":{"start":{"line":27,"column":12},"end":{"line":27,"column":38}},"9":{"start":{"line":28,"column":12},"end":{"line":28,"column":36}},"10":{"start":{"line":29,"column":15},"end":{"line":45,"column":9}},"11":{"start":{"line":30,"column":12},"end":{"line":30,"column":41}},"12":{"start":{"line":31,"column":15},"end":{"line":45,"column":9}},"13":{"start":{"line":32,"column":12},"end":{"line":32,"column":45}},"14":{"start":{"line":34,"column":12},"end":{"line":39,"column":13}},"15":{"start":{"line":35,"column":16},"end":{"line":35,"column":40}},"16":{"start":{"line":36,"column":16},"end":{"line":36,"column":43}},"17":{"start":{"line":37,"column":19},"end":{"line":39,"column":13}},"18":{"start":{"line":38,"column":16},"end":{"line":38,"column":43}},"19":{"start":{"line":40,"column":12},"end":{"line":42,"column":13}},"20":{"start":{"line":41,"column":16},"end":{"line":41,"column":52}},"21":{"start":{"line":43,"column":12},"end":{"line":43,"column":43}},"22":{"start":{"line":44,"column":12},"end":{"line":44,"column":40}},"23":{"start":{"line":49,"column":21},"end":{"line":49,"column":83}},"24":{"start":{"line":50,"column":8},"end":{"line":57,"column":9}},"25":{"start":{"line":51,"column":12},"end":{"line":51,"column":36}},"26":{"start":{"line":52,"column":12},"end":{"line":52,"column":47}},"27":{"start":{"line":54,"column":12},"end":{"line":54,"column":39}},"28":{"start":{"line":55,"column":12},"end":{"line":55,"column":65}},"29":{"start":{"line":56,"column":12},"end":{"line":56,"column":40}},"30":{"start":{"line":61,"column":8},"end":{"line":73,"column":9}},"31":{"start":{"line":62,"column":12},"end":{"line":62,"column":36}},"32":{"start":{"line":63,"column":12},"end":{"line":63,"column":79}},"33":{"start":{"line":64,"column":12},"end":{"line":64,"column":38}},"34":{"start":{"line":65,"column":12},"end":{"line":65,"column":40}},"35":{"start":{"line":66,"column":15},"end":{"line":73,"column":9}},"36":{"start":{"line":67,"column":12},"end":{"line":67,"column":37}},"37":{"start":{"line":68,"column":15},"end":{"line":73,"column":9}},"38":{"start":{"line":69,"column":12},"end":{"line":69,"column":89}},"39":{"start":{"line":71,"column":15},"end":{"line":73,"column":9}},"40":{"start":{"line":72,"column":12},"end":{"line":72,"column":89}},"41":{"start":{"line":77,"column":19},"end":{"line":77,"column":21}},"42":{"start":{"line":78,"column":23},"end":{"line":78,"column":39}},"43":{"start":{"line":79,"column":8},"end":{"line":109,"column":18}},"44":{"start":{"line":81,"column":16},"end":{"line":101,"column":17}},"45":{"start":{"line":82,"column":20},"end":{"line":82,"column":42}},"46":{"start":{"line":83,"column":23},"end":{"line":101,"column":17}},"47":{"start":{"line":84,"column":20},"end":{"line":86,"column":21}},"48":{"start":{"line":85,"column":24},"end":{"line":85,"column":40}},"49":{"start":{"line":87,"column":20},"end":{"line":100,"column":21}},"50":{"start":{"line":88,"column":32},"end":{"line":88,"column":42}},"51":{"start":{"line":89,"column":24},"end":{"line":92,"column":25}},"52":{"start":{"line":90,"column":28},"end":{"line":90,"column":57}},"53":{"start":{"line":91,"column":28},"end":{"line":91,"column":43}},"54":{"start":{"line":94,"column":24},"end":{"line":98,"column":25}},"55":{"start":{"line":95,"column":28},"end":{"line":97,"column":29}},"56":{"start":{"line":96,"column":32},"end":{"line":96,"column":70}},"57":{"start":{"line":99,"column":24},"end":{"line":99,"column":41}},"58":{"start":{"line":102,"column":16},"end":{"line":107,"column":17}},"59":{"start":{"line":103,"column":20},"end":{"line":105,"column":21}},"60":{"start":{"line":104,"column":24},"end":{"line":104,"column":51}},"61":{"start":{"line":106,"column":20},"end":{"line":106,"column":49}},"62":{"start":{"line":108,"column":16},"end":{"line":108,"column":30}},"63":{"start":{"line":113,"column":25},"end":{"line":113,"column":43}},"64":{"start":{"line":114,"column":8},"end":{"line":116,"column":9}},"65":{"start":{"line":115,"column":12},"end":{"line":115,"column":42}},"66":{"start":{"line":117,"column":21},"end":{"line":123,"column":14}},"67":{"start":{"line":118,"column":12},"end":{"line":122,"column":13}},"68":{"start":{"line":119,"column":16},"end":{"line":119,"column":74}},"69":{"start":{"line":121,"column":16},"end":{"line":121,"column":62}},"70":{"start":{"line":125,"column":8},"end":{"line":127,"column":9}},"71":{"start":{"line":126,"column":12},"end":{"line":126,"column":37}},"72":{"start":{"line":128,"column":8},"end":{"line":130,"column":9}},"73":{"start":{"line":129,"column":12},"end":{"line":129,"column":41}},"74":{"start":{"line":132,"column":8},"end":{"line":132,"column":41}},"75":{"start":{"line":136,"column":8},"end":{"line":163,"column":9}},"76":{"start":{"line":138,"column":16},"end":{"line":138,"column":50}},"77":{"start":{"line":139,"column":16},"end":{"line":139,"column":22}},"78":{"start":{"line":141,"column":16},"end":{"line":141,"column":50}},"79":{"start":{"line":142,"column":16},"end":{"line":142,"column":22}},"80":{"start":{"line":144,"column":16},"end":{"line":144,"column":50}},"81":{"start":{"line":145,"column":16},"end":{"line":145,"column":22}},"82":{"start":{"line":147,"column":16},"end":{"line":147,"column":80}},"83":{"start":{"line":148,"column":16},"end":{"line":148,"column":22}},"84":{"start":{"line":150,"column":16},"end":{"line":150,"column":55}},"85":{"start":{"line":151,"column":16},"end":{"line":151,"column":22}},"86":{"start":{"line":153,"column":16},"end":{"line":153,"column":50}},"87":{"start":{"line":154,"column":16},"end":{"line":154,"column":22}},"88":{"start":{"line":156,"column":16},"end":{"line":156,"column":75}},"89":{"start":{"line":157,"column":16},"end":{"line":157,"column":22}},"90":{"start":{"line":159,"column":16},"end":{"line":159,"column":75}},"91":{"start":{"line":160,"column":16},"end":{"line":160,"column":22}},"92":{"start":{"line":162,"column":16},"end":{"line":162,"column":22}},"93":{"start":{"line":164,"column":8},"end":{"line":164,"column":36}},"94":{"start":{"line":168,"column":8},"end":{"line":168,"column":36}},"95":{"start":{"line":172,"column":8},"end":{"line":172,"column":47}},"96":{"start":{"line":176,"column":8},"end":{"line":176,"column":48}},"97":{"start":{"line":180,"column":9},"end":{"line":185,"column":9}},"98":{"start":{"line":181,"column":12},"end":{"line":181,"column":36}},"99":{"start":{"line":182,"column":12},"end":{"line":182,"column":39}},"100":{"start":{"line":184,"column":12},"end":{"line":184,"column":37}},"101":{"start":{"line":186,"column":8},"end":{"line":186,"column":36}},"102":{"start":{"line":190,"column":9},"end":{"line":190,"column":64}},"103":{"start":{"line":194,"column":9},"end":{"line":194,"column":46}},"104":{"start":{"line":198,"column":9},"end":{"line":198,"column":42}},"105":{"start":{"line":202,"column":19},"end":{"line":202,"column":21}},"106":{"start":{"line":203,"column":8},"end":{"line":220,"column":19}},"107":{"start":{"line":206,"column":16},"end":{"line":217,"column":17}},"108":{"start":{"line":207,"column":20},"end":{"line":207,"column":37}},"109":{"start":{"line":208,"column":23},"end":{"line":217,"column":17}},"110":{"start":{"line":209,"column":28},"end":{"line":209,"column":50}},"111":{"start":{"line":210,"column":28},"end":{"line":210,"column":85}},"112":{"start":{"line":211,"column":20},"end":{"line":213,"column":21}},"113":{"start":{"line":212,"column":24},"end":{"line":212,"column":38}},"114":{"start":{"line":215,"column":20},"end":{"line":215,"column":57}},"115":{"start":{"line":216,"column":20},"end":{"line":216,"column":37}},"116":{"start":{"line":219,"column":16},"end":{"line":219,"column":30}},"117":{"start":{"line":221,"column":8},"end":{"line":221,"column":26}},"118":{"start":{"line":225,"column":8},"end":{"line":266,"column":9}},"119":{"start":{"line":227,"column":16},"end":{"line":227,"column":29}},"120":{"start":{"line":229,"column":16},"end":{"line":229,"column":29}},"121":{"start":{"line":231,"column":16},"end":{"line":231,"column":29}},"122":{"start":{"line":233,"column":16},"end":{"line":233,"column":29}},"123":{"start":{"line":235,"column":16},"end":{"line":235,"column":29}},"124":{"start":{"line":237,"column":16},"end":{"line":237,"column":50}},"125":{"start":{"line":239,"column":16},"end":{"line":239,"column":54}},"126":{"start":{"line":241,"column":16},"end":{"line":241,"column":54}},"127":{"start":{"line":243,"column":16},"end":{"line":243,"column":47}},"128":{"start":{"line":245,"column":16},"end":{"line":245,"column":49}},"129":{"start":{"line":247,"column":16},"end":{"line":247,"column":41}},"130":{"start":{"line":249,"column":16},"end":{"line":249,"column":47}},"131":{"start":{"line":251,"column":16},"end":{"line":251,"column":47}},"132":{"start":{"line":253,"column":16},"end":{"line":253,"column":47}},"133":{"start":{"line":255,"column":16},"end":{"line":255,"column":48}},"134":{"start":{"line":257,"column":16},"end":{"line":257,"column":48}},"135":{"start":{"line":259,"column":16},"end":{"line":259,"column":48}},"136":{"start":{"line":261,"column":16},"end":{"line":261,"column":88}},"137":{"start":{"line":263,"column":16},"end":{"line":263,"column":54}},"138":{"start":{"line":265,"column":16},"end":{"line":265,"column":31}},"139":{"start":{"line":270,"column":8},"end":{"line":270,"column":43}},"140":{"start":{"line":274,"column":8},"end":{"line":274,"column":57}}},"fnMap":{"0":{"name":"(anonymous_0)","decl":{"start":{"line":4,"column":4},"end":{"line":4,"column":5}},"loc":{"start":{"line":4,"column":18},"end":{"line":11,"column":5}},"line":4},"1":{"name":"(anonymous_1)","decl":{"start":{"line":13,"column":4},"end":{"line":13,"column":5}},"loc":{"start":{"line":13,"column":24},"end":{"line":23,"column":5}},"line":13},"2":{"name":"(anonymous_2)","decl":{"start":{"line":25,"column":5},"end":{"line":25,"column":6}},"loc":{"start":{"line":25,"column":23},"end":{"line":46,"column":5}},"line":25},"3":{"name":"(anonymous_3)","decl":{"start":{"line":48,"column":4},"end":{"line":48,"column":5}},"loc":{"start":{"line":48,"column":16},"end":{"line":58,"column":5}},"line":48},"4":{"name":"(anonymous_4)","decl":{"start":{"line":60,"column":5},"end":{"line":60,"column":6}},"loc":{"start":{"line":60,"column":26},"end":{"line":74,"column":5}},"line":60},"5":{"name":"(anonymous_5)","decl":{"start":{"line":76,"column":5},"end":{"line":76,"column":6}},"loc":{"start":{"line":76,"column":27},"end":{"line":110,"column":5}},"line":76},"6":{"name":"(anonymous_6)","decl":{"start":{"line":80,"column":20},"end":{"line":80,"column":21}},"loc":{"start":{"line":80,"column":46},"end":{"line":109,"column":13}},"line":80},"7":{"name":"(anonymous_7)","decl":{"start":{"line":112,"column":5},"end":{"line":112,"column":6}},"loc":{"start":{"line":112,"column":16},"end":{"line":133,"column":5}},"line":112},"8":{"name":"(anonymous_8)","decl":{"start":{"line":117,"column":39},"end":{"line":117,"column":40}},"loc":{"start":{"line":117,"column":60},"end":{"line":123,"column":9}},"line":117},"9":{"name":"(anonymous_9)","decl":{"start":{"line":135,"column":5},"end":{"line":135,"column":6}},"loc":{"start":{"line":135,"column":29},"end":{"line":165,"column":5}},"line":135},"10":{"name":"(anonymous_10)","decl":{"start":{"line":167,"column":5},"end":{"line":167,"column":6}},"loc":{"start":{"line":167,"column":24},"end":{"line":169,"column":5}},"line":167},"11":{"name":"(anonymous_11)","decl":{"start":{"line":171,"column":5},"end":{"line":171,"column":6}},"loc":{"start":{"line":171,"column":23},"end":{"line":173,"column":5}},"line":171},"12":{"name":"(anonymous_12)","decl":{"start":{"line":175,"column":5},"end":{"line":175,"column":6}},"loc":{"start":{"line":175,"column":26},"end":{"line":177,"column":5}},"line":175},"13":{"name":"(anonymous_13)","decl":{"start":{"line":179,"column":5},"end":{"line":179,"column":6}},"loc":{"start":{"line":179,"column":22},"end":{"line":187,"column":5}},"line":179},"14":{"name":"(anonymous_14)","decl":{"start":{"line":189,"column":5},"end":{"line":189,"column":6}},"loc":{"start":{"line":189,"column":21},"end":{"line":191,"column":5}},"line":189},"15":{"name":"(anonymous_15)","decl":{"start":{"line":193,"column":5},"end":{"line":193,"column":6}},"loc":{"start":{"line":193,"column":26},"end":{"line":195,"column":5}},"line":193},"16":{"name":"(anonymous_16)","decl":{"start":{"line":197,"column":5},"end":{"line":197,"column":6}},"loc":{"start":{"line":197,"column":22},"end":{"line":199,"column":5}},"line":197},"17":{"name":"(anonymous_17)","decl":{"start":{"line":201,"column":4},"end":{"line":201,"column":5}},"loc":{"start":{"line":201,"column":22},"end":{"line":222,"column":5}},"line":201},"18":{"name":"(anonymous_18)","decl":{"start":{"line":205,"column":20},"end":{"line":205,"column":21}},"loc":{"start":{"line":205,"column":39},"end":{"line":220,"column":13}},"line":205},"19":{"name":"(anonymous_19)","decl":{"start":{"line":224,"column":4},"end":{"line":224,"column":5}},"loc":{"start":{"line":224,"column":27},"end":{"line":267,"column":5}},"line":224},"20":{"name":"(anonymous_20)","decl":{"start":{"line":269,"column":4},"end":{"line":269,"column":5}},"loc":{"start":{"line":269,"column":28},"end":{"line":271,"column":5}},"line":269},"21":{"name":"(anonymous_21)","decl":{"start":{"line":273,"column":4},"end":{"line":273,"column":5}},"loc":{"start":{"line":273,"column":17},"end":{"line":275,"column":5}},"line":273}},"branchMap":{"0":{"loc":{"start":{"line":14,"column":8},"end":{"line":20,"column":9}},"type":"if","locations":[{"start":{"line":14,"column":8},"end":{"line":20,"column":9}},{"start":{"line":14,"column":8},"end":{"line":20,"column":9}}],"line":14},"1":{"loc":{"start":{"line":16,"column":15},"end":{"line":20,"column":9}},"type":"if","locations":[{"start":{"line":16,"column":15},"end":{"line":20,"column":9}},{"start":{"line":16,"column":15},"end":{"line":20,"column":9}}],"line":16},"2":{"loc":{"start":{"line":26,"column":8},"end":{"line":45,"column":9}},"type":"if","locations":[{"start":{"line":26,"column":8},"end":{"line":45,"column":9}},{"start":{"line":26,"column":8},"end":{"line":45,"column":9}}],"line":26},"3":{"loc":{"start":{"line":29,"column":15},"end":{"line":45,"column":9}},"type":"if","locations":[{"start":{"line":29,"column":15},"end":{"line":45,"column":9}},{"start":{"line":29,"column":15},"end":{"line":45,"column":9}}],"line":29},"4":{"loc":{"start":{"line":31,"column":15},"end":{"line":45,"column":9}},"type":"if","locations":[{"start":{"line":31,"column":15},"end":{"line":45,"column":9}},{"start":{"line":31,"column":15},"end":{"line":45,"column":9}}],"line":31},"5":{"loc":{"start":{"line":31,"column":19},"end":{"line":31,"column":87}},"type":"binary-expr","locations":[{"start":{"line":31,"column":19},"end":{"line":31,"column":33}},{"start":{"line":31,"column":37},"end":{"line":31,"column":51}},{"start":{"line":31,"column":55},"end":{"line":31,"column":69}},{"start":{"line":31,"column":73},"end":{"line":31,"column":87}}],"line":31},"6":{"loc":{"start":{"line":34,"column":12},"end":{"line":39,"column":13}},"type":"if","locations":[{"start":{"line":34,"column":12},"end":{"line":39,"column":13}},{"start":{"line":34,"column":12},"end":{"line":39,"column":13}}],"line":34},"7":{"loc":{"start":{"line":34,"column":16},"end":{"line":34,"column":61}},"type":"binary-expr","locations":[{"start":{"line":34,"column":16},"end":{"line":34,"column":34}},{"start":{"line":34,"column":38},"end":{"line":34,"column":61}}],"line":34},"8":{"loc":{"start":{"line":37,"column":19},"end":{"line":39,"column":13}},"type":"if","locations":[{"start":{"line":37,"column":19},"end":{"line":39,"column":13}},{"start":{"line":37,"column":19},"end":{"line":39,"column":13}}],"line":37},"9":{"loc":{"start":{"line":37,"column":23},"end":{"line":37,"column":67}},"type":"binary-expr","locations":[{"start":{"line":37,"column":23},"end":{"line":37,"column":41}},{"start":{"line":37,"column":45},"end":{"line":37,"column":67}}],"line":37},"10":{"loc":{"start":{"line":40,"column":12},"end":{"line":42,"column":13}},"type":"if","locations":[{"start":{"line":40,"column":12},"end":{"line":42,"column":13}},{"start":{"line":40,"column":12},"end":{"line":42,"column":13}}],"line":40},"11":{"loc":{"start":{"line":50,"column":8},"end":{"line":57,"column":9}},"type":"if","locations":[{"start":{"line":50,"column":8},"end":{"line":57,"column":9}},{"start":{"line":50,"column":8},"end":{"line":57,"column":9}}],"line":50},"12":{"loc":{"start":{"line":61,"column":8},"end":{"line":73,"column":9}},"type":"if","locations":[{"start":{"line":61,"column":8},"end":{"line":73,"column":9}},{"start":{"line":61,"column":8},"end":{"line":73,"column":9}}],"line":61},"13":{"loc":{"start":{"line":66,"column":15},"end":{"line":73,"column":9}},"type":"if","locations":[{"start":{"line":66,"column":15},"end":{"line":73,"column":9}},{"start":{"line":66,"column":15},"end":{"line":73,"column":9}}],"line":66},"14":{"loc":{"start":{"line":68,"column":15},"end":{"line":73,"column":9}},"type":"if","locations":[{"start":{"line":68,"column":15},"end":{"line":73,"column":9}},{"start":{"line":68,"column":15},"end":{"line":73,"column":9}}],"line":68},"15":{"loc":{"start":{"line":68,"column":19},"end":{"line":68,"column":55}},"type":"binary-expr","locations":[{"start":{"line":68,"column":19},"end":{"line":68,"column":33}},{"start":{"line":68,"column":37},"end":{"line":68,"column":55}}],"line":68},"16":{"loc":{"start":{"line":71,"column":15},"end":{"line":73,"column":9}},"type":"if","locations":[{"start":{"line":71,"column":15},"end":{"line":73,"column":9}},{"start":{"line":71,"column":15},"end":{"line":73,"column":9}}],"line":71},"17":{"loc":{"start":{"line":71,"column":19},"end":{"line":71,"column":55}},"type":"binary-expr","locations":[{"start":{"line":71,"column":19},"end":{"line":71,"column":33}},{"start":{"line":71,"column":37},"end":{"line":71,"column":55}}],"line":71},"18":{"loc":{"start":{"line":81,"column":16},"end":{"line":101,"column":17}},"type":"if","locations":[{"start":{"line":81,"column":16},"end":{"line":101,"column":17}},{"start":{"line":81,"column":16},"end":{"line":101,"column":17}}],"line":81},"19":{"loc":{"start":{"line":83,"column":23},"end":{"line":101,"column":17}},"type":"if","locations":[{"start":{"line":83,"column":23},"end":{"line":101,"column":17}},{"start":{"line":83,"column":23},"end":{"line":101,"column":17}}],"line":83},"20":{"loc":{"start":{"line":84,"column":20},"end":{"line":86,"column":21}},"type":"if","locations":[{"start":{"line":84,"column":20},"end":{"line":86,"column":21}},{"start":{"line":84,"column":20},"end":{"line":86,"column":21}}],"line":84},"21":{"loc":{"start":{"line":87,"column":20},"end":{"line":100,"column":21}},"type":"if","locations":[{"start":{"line":87,"column":20},"end":{"line":100,"column":21}},{"start":{"line":87,"column":20},"end":{"line":100,"column":21}}],"line":87},"22":{"loc":{"start":{"line":94,"column":24},"end":{"line":98,"column":25}},"type":"if","locations":[{"start":{"line":94,"column":24},"end":{"line":98,"column":25}},{"start":{"line":94,"column":24},"end":{"line":98,"column":25}}],"line":94},"23":{"loc":{"start":{"line":95,"column":28},"end":{"line":97,"column":29}},"type":"if","locations":[{"start":{"line":95,"column":28},"end":{"line":97,"column":29}},{"start":{"line":95,"column":28},"end":{"line":97,"column":29}}],"line":95},"24":{"loc":{"start":{"line":102,"column":16},"end":{"line":107,"column":17}},"type":"if","locations":[{"start":{"line":102,"column":16},"end":{"line":107,"column":17}},{"start":{"line":102,"column":16},"end":{"line":107,"column":17}}],"line":102},"25":{"loc":{"start":{"line":114,"column":8},"end":{"line":116,"column":9}},"type":"if","locations":[{"start":{"line":114,"column":8},"end":{"line":116,"column":9}},{"start":{"line":114,"column":8},"end":{"line":116,"column":9}}],"line":114},"26":{"loc":{"start":{"line":118,"column":12},"end":{"line":122,"column":13}},"type":"if","locations":[{"start":{"line":118,"column":12},"end":{"line":122,"column":13}},{"start":{"line":118,"column":12},"end":{"line":122,"column":13}}],"line":118},"27":{"loc":{"start":{"line":125,"column":8},"end":{"line":127,"column":9}},"type":"if","locations":[{"start":{"line":125,"column":8},"end":{"line":127,"column":9}},{"start":{"line":125,"column":8},"end":{"line":127,"column":9}}],"line":125},"28":{"loc":{"start":{"line":128,"column":8},"end":{"line":130,"column":9}},"type":"if","locations":[{"start":{"line":128,"column":8},"end":{"line":130,"column":9}},{"start":{"line":128,"column":8},"end":{"line":130,"column":9}}],"line":128},"29":{"loc":{"start":{"line":136,"column":8},"end":{"line":163,"column":9}},"type":"switch","locations":[{"start":{"line":137,"column":12},"end":{"line":139,"column":22}},{"start":{"line":140,"column":12},"end":{"line":142,"column":22}},{"start":{"line":143,"column":12},"end":{"line":145,"column":22}},{"start":{"line":146,"column":12},"end":{"line":148,"column":22}},{"start":{"line":149,"column":12},"end":{"line":151,"column":22}},{"start":{"line":152,"column":12},"end":{"line":154,"column":22}},{"start":{"line":155,"column":12},"end":{"line":157,"column":22}},{"start":{"line":158,"column":12},"end":{"line":160,"column":22}},{"start":{"line":161,"column":12},"end":{"line":162,"column":22}}],"line":136},"30":{"loc":{"start":{"line":180,"column":9},"end":{"line":185,"column":9}},"type":"if","locations":[{"start":{"line":180,"column":9},"end":{"line":185,"column":9}},{"start":{"line":180,"column":9},"end":{"line":185,"column":9}}],"line":180},"31":{"loc":{"start":{"line":206,"column":16},"end":{"line":217,"column":17}},"type":"if","locations":[{"start":{"line":206,"column":16},"end":{"line":217,"column":17}},{"start":{"line":206,"column":16},"end":{"line":217,"column":17}}],"line":206},"32":{"loc":{"start":{"line":208,"column":23},"end":{"line":217,"column":17}},"type":"if","locations":[{"start":{"line":208,"column":23},"end":{"line":217,"column":17}},{"start":{"line":208,"column":23},"end":{"line":217,"column":17}}],"line":208},"33":{"loc":{"start":{"line":210,"column":28},"end":{"line":210,"column":85}},"type":"cond-expr","locations":[{"start":{"line":210,"column":59},"end":{"line":210,"column":81}},{"start":{"line":210,"column":84},"end":{"line":210,"column":85}}],"line":210},"34":{"loc":{"start":{"line":211,"column":20},"end":{"line":213,"column":21}},"type":"if","locations":[{"start":{"line":211,"column":20},"end":{"line":213,"column":21}},{"start":{"line":211,"column":20},"end":{"line":213,"column":21}}],"line":211},"35":{"loc":{"start":{"line":225,"column":8},"end":{"line":266,"column":9}},"type":"switch","locations":[{"start":{"line":226,"column":12},"end":{"line":227,"column":29}},{"start":{"line":228,"column":12},"end":{"line":229,"column":29}},{"start":{"line":230,"column":12},"end":{"line":231,"column":29}},{"start":{"line":232,"column":12},"end":{"line":233,"column":29}},{"start":{"line":234,"column":12},"end":{"line":235,"column":29}},{"start":{"line":236,"column":12},"end":{"line":237,"column":50}},{"start":{"line":238,"column":12},"end":{"line":239,"column":54}},{"start":{"line":240,"column":12},"end":{"line":241,"column":54}},{"start":{"line":242,"column":12},"end":{"line":243,"column":47}},{"start":{"line":244,"column":12},"end":{"line":245,"column":49}},{"start":{"line":246,"column":12},"end":{"line":247,"column":41}},{"start":{"line":248,"column":12},"end":{"line":249,"column":47}},{"start":{"line":250,"column":12},"end":{"line":251,"column":47}},{"start":{"line":252,"column":12},"end":{"line":253,"column":47}},{"start":{"line":254,"column":12},"end":{"line":255,"column":48}},{"start":{"line":256,"column":12},"end":{"line":257,"column":48}},{"start":{"line":258,"column":12},"end":{"line":259,"column":48}},{"start":{"line":260,"column":12},"end":{"line":261,"column":88}},{"start":{"line":262,"column":12},"end":{"line":263,"column":54}},{"start":{"line":264,"column":12},"end":{"line":265,"column":31}}],"line":225},"36":{"loc":{"start":{"line":261,"column":23},"end":{"line":261,"column":87}},"type":"cond-expr","locations":[{"start":{"line":261,"column":32},"end":{"line":261,"column":45}},{"start":{"line":261,"column":48},"end":{"line":261,"column":87}}],"line":261},"37":{"loc":{"start":{"line":274,"column":15},"end":{"line":274,"column":56}},"type":"cond-expr","locations":[{"start":{"line":274,"column":27},"end":{"line":274,"column":52}},{"start":{"line":274,"column":55},"end":{"line":274,"column":56}}],"line":274}},"s":{"0":58,"1":3,"2":1,"3":2,"4":1,"5":1,"6":3,"7":6,"8":1,"9":1,"10":5,"11":1,"12":4,"13":1,"14":3,"15":1,"16":1,"17":2,"18":1,"19":3,"20":1,"21":2,"22":2,"23":2,"24":2,"25":1,"26":1,"27":1,"28":1,"29":1,"30":4,"31":1,"32":1,"33":1,"34":1,"35":3,"36":1,"37":2,"38":1,"39":1,"40":1,"41":1,"42":1,"43":1,"44":7,"45":3,"46":4,"47":4,"48":1,"49":4,"50":1,"51":1,"52":1,"53":1,"54":3,"55":2,"56":1,"57":3,"58":7,"59":1,"60":1,"61":1,"62":7,"63":2,"64":2,"65":1,"66":2,"67":10,"68":5,"69":5,"70":2,"71":1,"72":2,"73":1,"74":2,"75":9,"76":1,"77":1,"78":1,"79":1,"80":1,"81":1,"82":1,"83":1,"84":1,"85":1,"86":1,"87":1,"88":1,"89":1,"90":1,"91":1,"92":1,"93":9,"94":5,"95":20,"96":3,"97":2,"98":1,"99":1,"100":1,"101":2,"102":1,"103":1,"104":1,"105":1,"106":1,"107":6,"108":3,"109":3,"110":3,"111":3,"112":3,"113":1,"114":2,"115":2,"116":5,"117":1,"118":22,"119":2,"120":1,"121":2,"122":1,"123":1,"124":1,"125":1,"126":1,"127":1,"128":1,"129":1,"130":1,"131":1,"132":1,"133":1,"134":1,"135":1,"136":1,"137":1,"138":1,"139":4,"140":6},"f":{"0":58,"1":3,"2":6,"3":2,"4":4,"5":1,"6":7,"7":2,"8":10,"9":9,"10":5,"11":20,"12":3,"13":2,"14":1,"15":1,"16":1,"17":1,"18":6,"19":22,"20":4,"21":6},"b":{"0":[1,2],"1":[1,1],"2":[1,5],"3":[1,4],"4":[1,3],"5":[4,3,3,3],"6":[1,2],"7":[3,2],"8":[1,1],"9":[2,1],"10":[1,2],"11":[1,1],"12":[1,3],"13":[1,2],"14":[1,1],"15":[2,1],"16":[1,0],"17":[1,1],"18":[3,4],"19":[4,0],"20":[1,3],"21":[1,3],"22":[2,1],"23":[1,1],"24":[1,6],"25":[1,1],"26":[5,5],"27":[1,1],"28":[1,1],"29":[1,1,1,1,1,1,1,1,1],"30":[1,1],"31":[3,3],"32":[3,0],"33":[3,0],"34":[1,2],"35":[2,1,2,1,1,1,1,1,1,1,1,1,1,1,1,1,1,1,1,1],"36":[0,1],"37":[4,2]},"_coverageSchema":"1a1c01bbd47fc00a2c39e90264f33305004495a9","hash":"32625e0cd77e5ed17a8bcb93c841cee495c2f5a9"}
,"/home/erik/Документы/12devs/calculator/src/model/model_config.js": {"path":"/home/erik/Документы/12devs/calculator/src/model/model_config.js","statementMap":{"0":{"start":{"line":1,"column":20},"end":{"line":52,"column":1}}},"fnMap":{},"branchMap":{},"s":{"0":1},"f":{},"b":{},"_coverageSchema":"1a1c01bbd47fc00a2c39e90264f33305004495a9","hash":"e10268576bc93e06c3af6e40f6564d260ba95560"}
,"/home/erik/Документы/12devs/calculator/src/utils/utils.js": {"path":"/home/erik/Документы/12devs/calculator/src/utils/utils.js","statementMap":{"0":{"start":{"line":2,"column":4},"end":{"line":7,"column":7}},"1":{"start":{"line":3,"column":8},"end":{"line":5,"column":9}},"2":{"start":{"line":4,"column":12},"end":{"line":4,"column":53}},"3":{"start":{"line":6,"column":8},"end":{"line":6,"column":43}}},"fnMap":{"0":{"name":"sortKeys","decl":{"start":{"line":1,"column":16},"end":{"line":1,"column":24}},"loc":{"start":{"line":1,"column":31},"end":{"line":8,"column":1}},"line":1},"1":{"name":"(anonymous_1)","decl":{"start":{"line":2,"column":34},"end":{"line":2,"column":35}},"loc":{"start":{"line":2,"column":41},"end":{"line":7,"column":5}},"line":2}},"branchMap":{"0":{"loc":{"start":{"line":3,"column":8},"end":{"line":5,"column":9}},"type":"if","locations":[{"start":{"line":3,"column":8},"end":{"line":5,"column":9}},{"start":{"line":3,"column":8},"end":{"line":5,"column":9}}],"line":3}},"s":{"0":0,"1":0,"2":0,"3":0},"f":{"0":0,"1":0},"b":{"0":[0,0]},"_coverageSchema":"1a1c01bbd47fc00a2c39e90264f33305004495a9","hash":"cda7ab0bd7224d0eef1da5978f2717ba4b18f0d7"}
,"/home/erik/Документы/12devs/calculator/src/view/render.js": {"path":"/home/erik/Документы/12devs/calculator/src/view/render.js","statementMap":{"0":{"start":{"line":6,"column":22},"end":{"line":6,"column":54}},"1":{"start":{"line":7,"column":8},"end":{"line":7,"column":53}},"2":{"start":{"line":11,"column":8},"end":{"line":11,"column":60}},"3":{"start":{"line":15,"column":23},"end":{"line":15,"column":53}},"4":{"start":{"line":16,"column":8},"end":{"line":16,"column":51}},"5":{"start":{"line":17,"column":8},"end":{"line":17,"column":24}},"6":{"start":{"line":18,"column":8},"end":{"line":18,"column":31}},"7":{"start":{"line":19,"column":8},"end":{"line":21,"column":9}},"8":{"start":{"line":20,"column":12},"end":{"line":20,"column":47}},"9":{"start":{"line":22,"column":8},"end":{"line":24,"column":9}},"10":{"start":{"line":23,"column":12},"end":{"line":23,"column":52}},"11":{"start":{"line":28,"column":24},"end":{"line":28,"column":53}},"12":{"start":{"line":29,"column":8},"end":{"line":29,"column":41}},"13":{"start":{"line":30,"column":8},"end":{"line":30,"column":36}},"14":{"start":{"line":31,"column":8},"end":{"line":31,"column":23}},"15":{"start":{"line":35,"column":25},"end":{"line":35,"column":44}},"16":{"start":{"line":36,"column":19},"end":{"line":36,"column":21}},"17":{"start":{"line":37,"column":27},"end":{"line":37,"column":41}},"18":{"start":{"line":38,"column":8},"end":{"line":46,"column":10}},"19":{"start":{"line":39,"column":30},"end":{"line":39,"column":39}},"20":{"start":{"line":40,"column":26},"end":{"line":40,"column":41}},"21":{"start":{"line":41,"column":12},"end":{"line":43,"column":13}},"22":{"start":{"line":42,"column":16},"end":{"line":42,"column":53}},"23":{"start":{"line":44,"column":24},"end":{"line":44,"column":35}},"24":{"start":{"line":45,"column":12},"end":{"line":45,"column":49}}},"fnMap":{"0":{"name":"(anonymous_0)","decl":{"start":{"line":5,"column":4},"end":{"line":5,"column":5}},"loc":{"start":{"line":5,"column":18},"end":{"line":8,"column":5}},"line":5},"1":{"name":"(anonymous_1)","decl":{"start":{"line":10,"column":4},"end":{"line":10,"column":5}},"loc":{"start":{"line":10,"column":22},"end":{"line":12,"column":5}},"line":10},"2":{"name":"(anonymous_2)","decl":{"start":{"line":14,"column":4},"end":{"line":14,"column":5}},"loc":{"start":{"line":14,"column":33},"end":{"line":25,"column":5}},"line":14},"3":{"name":"(anonymous_3)","decl":{"start":{"line":27,"column":4},"end":{"line":27,"column":5}},"loc":{"start":{"line":27,"column":37},"end":{"line":32,"column":5}},"line":27},"4":{"name":"(anonymous_4)","decl":{"start":{"line":34,"column":4},"end":{"line":34,"column":5}},"loc":{"start":{"line":34,"column":16},"end":{"line":47,"column":5}},"line":34},"5":{"name":"(anonymous_5)","decl":{"start":{"line":38,"column":27},"end":{"line":38,"column":28}},"loc":{"start":{"line":38,"column":34},"end":{"line":46,"column":9}},"line":38}},"branchMap":{"0":{"loc":{"start":{"line":19,"column":8},"end":{"line":21,"column":9}},"type":"if","locations":[{"start":{"line":19,"column":8},"end":{"line":21,"column":9}},{"start":{"line":19,"column":8},"end":{"line":21,"column":9}}],"line":19},"1":{"loc":{"start":{"line":22,"column":8},"end":{"line":24,"column":9}},"type":"if","locations":[{"start":{"line":22,"column":8},"end":{"line":24,"column":9}},{"start":{"line":22,"column":8},"end":{"line":24,"column":9}}],"line":22},"2":{"loc":{"start":{"line":41,"column":12},"end":{"line":43,"column":13}},"type":"if","locations":[{"start":{"line":41,"column":12},"end":{"line":43,"column":13}},{"start":{"line":41,"column":12},"end":{"line":43,"column":13}}],"line":41}},"s":{"0":1,"1":1,"2":1,"3":3,"4":3,"5":3,"6":3,"7":3,"8":1,"9":3,"10":1,"11":6,"12":6,"13":6,"14":6,"15":0,"16":0,"17":0,"18":0,"19":0,"20":0,"21":0,"22":0,"23":0,"24":0},"f":{"0":1,"1":1,"2":3,"3":6,"4":0,"5":0},"b":{"0":[1,2],"1":[1,2],"2":[0,0]},"_coverageSchema":"1a1c01bbd47fc00a2c39e90264f33305004495a9","hash":"ed552e13d6a8885b6dbf3f9c80f638dd80842b06"}
}
