TN:
SF:src/model/model.js
FN:4,(anonymous_0)
FN:13,(anonymous_1)
FN:25,(anonymous_2)
FN:48,(anonymous_3)
FN:60,(anonymous_4)
FN:76,(anonymous_5)
FN:80,(anonymous_6)
FN:112,(anonymous_7)
FN:117,(anonymous_8)
FN:135,(anonymous_9)
FN:167,(anonymous_10)
FN:171,(anonymous_11)
FN:175,(anonymous_12)
FN:179,(anonymous_13)
FN:189,(anonymous_14)
FN:193,(anonymous_15)
FN:197,(anonymous_16)
FN:201,(anonymous_17)
FN:205,(anonymous_18)
FN:224,(anonymous_19)
FN:269,(anonymous_20)
FN:273,(anonymous_21)
FNF:22
FNH:22
FNDA:57,(anonymous_0)
FNDA:3,(anonymous_1)
FNDA:6,(anonymous_2)
FNDA:2,(anonymous_3)
FNDA:4,(anonymous_4)
FNDA:1,(anonymous_5)
FNDA:7,(anonymous_6)
FNDA:2,(anonymous_7)
FNDA:10,(anonymous_8)
FNDA:9,(anonymous_9)
FNDA:5,(anonymous_10)
FNDA:20,(anonymous_11)
FNDA:3,(anonymous_12)
FNDA:2,(anonymous_13)
FNDA:1,(anonymous_14)
FNDA:1,(anonymous_15)
FNDA:1,(anonymous_16)
FNDA:1,(anonymous_17)
FNDA:6,(anonymous_18)
FNDA:22,(anonymous_19)
FNDA:4,(anonymous_20)
FNDA:6,(anonymous_21)
DA:5,57
DA:14,3
DA:15,1
DA:16,2
DA:17,1
DA:19,1
DA:22,3
DA:26,6
DA:27,1
DA:28,1
DA:29,5
DA:30,1
DA:31,4
DA:32,1
DA:34,3
DA:35,1
DA:36,1
DA:37,2
DA:38,1
DA:40,3
DA:41,1
DA:43,2
DA:44,2
DA:49,2
DA:50,2
DA:51,1
DA:52,1
DA:54,1
DA:55,1
DA:56,1
DA:61,4
DA:62,1
DA:63,1
DA:64,1
DA:65,1
DA:66,3
DA:67,1
DA:68,2
DA:69,1
DA:71,1
DA:72,1
DA:77,1
DA:78,1
DA:79,1
DA:81,7
DA:82,3
DA:83,4
DA:84,4
DA:85,1
DA:87,4
DA:88,1
DA:89,1
DA:90,1
DA:91,1
DA:94,3
DA:95,2
DA:96,1
DA:99,3
DA:102,7
DA:103,1
DA:104,1
DA:106,1
DA:108,7
DA:113,2
DA:114,2
DA:115,1
DA:117,2
DA:118,10
DA:119,5
DA:121,5
DA:125,2
DA:126,1
DA:128,2
DA:129,1
DA:132,2
DA:136,9
DA:138,1
DA:139,1
DA:141,1
DA:142,1
DA:144,1
DA:145,1
DA:147,1
DA:148,1
DA:150,1
DA:151,1
DA:153,1
DA:154,1
DA:156,1
DA:157,1
DA:159,1
DA:160,1
DA:162,1
DA:164,9
DA:168,5
DA:172,20
DA:176,3
DA:180,2
DA:181,1
DA:182,1
DA:184,1
DA:186,2
DA:190,1
DA:194,1
DA:198,1
DA:202,1
DA:203,1
DA:206,6
DA:207,3
DA:208,3
DA:209,3
DA:210,3
DA:211,3
DA:212,1
DA:215,2
DA:216,2
DA:219,5
DA:221,1
DA:225,22
DA:227,2
DA:229,1
DA:231,2
DA:233,1
DA:235,1
DA:237,1
DA:239,1
DA:241,1
DA:243,1
DA:245,1
DA:247,1
DA:249,1
DA:251,1
DA:253,1
DA:255,1
DA:257,1
DA:259,1
DA:261,1
DA:263,1
DA:265,1
DA:270,4
DA:274,6
LF:141
LH:141
BRDA:14,0,0,1
BRDA:14,0,1,2
BRDA:16,1,0,1
BRDA:16,1,1,1
BRDA:26,2,0,1
BRDA:26,2,1,5
BRDA:29,3,0,1
BRDA:29,3,1,4
BRDA:31,4,0,1
BRDA:31,4,1,3
BRDA:31,5,0,4
BRDA:31,5,1,3
BRDA:31,5,2,3
BRDA:31,5,3,3
BRDA:34,6,0,1
BRDA:34,6,1,2
BRDA:34,7,0,3
BRDA:34,7,1,2
BRDA:37,8,0,1
BRDA:37,8,1,1
BRDA:37,9,0,2
BRDA:37,9,1,1
BRDA:40,10,0,1
BRDA:40,10,1,2
BRDA:50,11,0,1
BRDA:50,11,1,1
BRDA:61,12,0,1
BRDA:61,12,1,3
BRDA:66,13,0,1
BRDA:66,13,1,2
BRDA:68,14,0,1
BRDA:68,14,1,1
BRDA:68,15,0,2
BRDA:68,15,1,1
BRDA:71,16,0,1
BRDA:71,16,1,0
BRDA:71,17,0,1
BRDA:71,17,1,1
BRDA:81,18,0,3
BRDA:81,18,1,4
BRDA:83,19,0,4
BRDA:83,19,1,0
BRDA:84,20,0,1
BRDA:84,20,1,3
BRDA:87,21,0,1
BRDA:87,21,1,3
BRDA:94,22,0,2
BRDA:94,22,1,1
BRDA:95,23,0,1
BRDA:95,23,1,1
BRDA:102,24,0,1
BRDA:102,24,1,6
BRDA:114,25,0,1
BRDA:114,25,1,1
BRDA:118,26,0,5
BRDA:118,26,1,5
BRDA:125,27,0,1
BRDA:125,27,1,1
BRDA:128,28,0,1
BRDA:128,28,1,1
BRDA:136,29,0,1
BRDA:136,29,1,1
BRDA:136,29,2,1
BRDA:136,29,3,1
BRDA:136,29,4,1
BRDA:136,29,5,1
BRDA:136,29,6,1
BRDA:136,29,7,1
BRDA:136,29,8,1
BRDA:180,30,0,1
BRDA:180,30,1,1
BRDA:206,31,0,3
BRDA:206,31,1,3
BRDA:208,32,0,3
BRDA:208,32,1,0
BRDA:210,33,0,3
BRDA:210,33,1,0
BRDA:211,34,0,1
BRDA:211,34,1,2
BRDA:225,35,0,2
BRDA:225,35,1,1
BRDA:225,35,2,2
BRDA:225,35,3,1
BRDA:225,35,4,1
BRDA:225,35,5,1
BRDA:225,35,6,1
BRDA:225,35,7,1
BRDA:225,35,8,1
BRDA:225,35,9,1
BRDA:225,35,10,1
BRDA:225,35,11,1
BRDA:225,35,12,1
BRDA:225,35,13,1
BRDA:225,35,14,1
BRDA:225,35,15,1
BRDA:225,35,16,1
BRDA:225,35,17,1
BRDA:225,35,18,1
BRDA:225,35,19,1
BRDA:261,36,0,0
BRDA:261,36,1,1
BRDA:274,37,0,4
BRDA:274,37,1,2
BRF:103
BRH:98
end_of_record
TN:
SF:src/model/model_config.js
FNF:0
FNH:0
DA:1,1
LF:1
LH:1
BRF:0
BRH:0
end_of_record
TN:
SF:src/utils/utils.js
FN:1,sortKeys
FN:2,(anonymous_1)
FNF:2
FNH:2
FNDA:2,sortKeys
FNDA:26,(anonymous_1)
DA:2,2
DA:3,26
DA:4,14
DA:6,12
LF:4
LH:4
BRDA:3,0,0,14
BRDA:3,0,1,12
BRF:2
BRH:2
end_of_record
TN:
SF:src/view/render.js
FN:5,(anonymous_0)
FN:10,(anonymous_1)
FN:15,(anonymous_2)
FN:28,(anonymous_3)
FN:35,(anonymous_4)
FN:39,(anonymous_5)
FNF:6
FNH:6
FNDA:2,(anonymous_0)
FNDA:3,(anonymous_1)
FNDA:10,(anonymous_2)
FNDA:16,(anonymous_3)
FNDA:1,(anonymous_4)
FNDA:7,(anonymous_5)
DA:6,2
DA:7,2
DA:11,3
DA:12,3
DA:16,10
DA:17,10
DA:18,10
DA:19,10
DA:20,10
DA:21,2
DA:23,10
DA:24,3
DA:29,16
DA:30,16
DA:31,16
DA:32,16
DA:36,1
DA:37,1
DA:38,1
DA:39,1
DA:40,7
DA:41,7
DA:42,7
DA:43,2
DA:45,7
DA:46,7
LF:26
LH:26
BRDA:20,0,0,2
BRDA:20,0,1,8
BRDA:23,1,0,3
BRDA:23,1,1,7
BRDA:42,2,0,2
BRDA:42,2,1,5
BRF:6
BRH:6
end_of_record
